<?xml version="1.0" encoding="UTF-8"?>
<coverage generated="1550709391617" clover="3.2.0">
  <project timestamp="1550709391617" name="All files">
    <metrics statements="38" coveredstatements="38" conditionals="0" coveredconditionals="0" methods="15" coveredmethods="15" elements="53" coveredelements="53" complexity="0" loc="38" ncloc="38" packages="4" files="6" classes="6">
      <package name="components">
        <metrics statements="27" coveredstatements="27" conditionals="0" coveredconditionals="0" methods="8" coveredmethods="8"/>
        <file name="AvatarComponent.vue" path="/Users/cesaralberca/workspace/personal/gravatar-viewer/src/components/AvatarComponent.vue">
          <metrics statements="6" coveredstatements="6" conditionals="0" coveredconditionals="0" methods="2" coveredmethods="2"/>
          <line num="8" count="2" type="stmt"/>
          <line num="9" count="2" type="stmt"/>
          <line num="12" count="4" type="stmt"/>
          <line num="13" count="3" type="stmt"/>
          <line num="14" count="2" type="stmt"/>
          <line num="17" count="6" type="stmt"/>
        </file>
        <file name="AvatarViewerContainer.vue" path="/Users/cesaralberca/workspace/personal/gravatar-viewer/src/components/AvatarViewerContainer.vue">
          <metrics statements="17" coveredstatements="17" conditionals="0" coveredconditionals="0" methods="5" coveredmethods="5"/>
          <line num="8" count="1" type="stmt"/>
          <line num="10" count="1" type="stmt"/>
          <line num="11" count="1" type="stmt"/>
          <line num="12" count="1" type="stmt"/>
          <line num="22" count="1" type="stmt"/>
          <line num="23" count="4" type="stmt"/>
          <line num="24" count="4" type="stmt"/>
          <line num="27" count="1" type="stmt"/>
          <line num="30" count="1" type="stmt"/>
          <line num="33" count="1" type="stmt"/>
          <line num="38" count="4" type="stmt"/>
          <line num="42" count="1" type="stmt"/>
          <line num="43" count="4" type="stmt"/>
          <line num="47" count="4" type="stmt"/>
          <line num="51" count="4" type="stmt"/>
          <line num="52" count="4" type="stmt"/>
          <line num="53" count="4" type="stmt"/>
        </file>
        <file name="UserFormComponent.vue" path="/Users/cesaralberca/workspace/personal/gravatar-viewer/src/components/UserFormComponent.vue">
          <metrics statements="4" coveredstatements="4" conditionals="0" coveredconditionals="0" methods="1" coveredmethods="1"/>
          <line num="9" count="2" type="stmt"/>
          <line num="12" count="4" type="stmt"/>
          <line num="14" count="2" type="stmt"/>
          <line num="15" count="1" type="stmt"/>
        </file>
      </package>
      <package name="domains.gravatar.repositories">
        <metrics statements="7" coveredstatements="7" conditionals="0" coveredconditionals="0" methods="2" coveredmethods="2"/>
        <file name="GravatarBlobRepository.ts" path="/Users/cesaralberca/workspace/personal/gravatar-viewer/src/domains/gravatar/repositories/GravatarBlobRepository.ts">
          <metrics statements="7" coveredstatements="7" conditionals="0" coveredconditionals="0" methods="2" coveredmethods="2"/>
          <line num="2" count="1" type="stmt"/>
          <line num="8" count="2" type="stmt"/>
          <line num="9" count="2" type="stmt"/>
          <line num="13" count="2" type="stmt"/>
          <line num="14" count="2" type="stmt"/>
          <line num="15" count="2" type="stmt"/>
          <line num="16" count="2" type="stmt"/>
        </file>
      </package>
      <package name="domains.users">
        <metrics statements="3" coveredstatements="3" conditionals="0" coveredconditionals="0" methods="3" coveredmethods="3"/>
        <file name="User.ts" path="/Users/cesaralberca/workspace/personal/gravatar-viewer/src/domains/users/User.ts">
          <metrics statements="3" coveredstatements="3" conditionals="0" coveredconditionals="0" methods="3" coveredmethods="3"/>
          <line num="2" count="17" type="stmt"/>
          <line num="5" count="8" type="stmt"/>
          <line num="9" count="6" type="stmt"/>
        </file>
      </package>
      <package name="utils">
        <metrics statements="1" coveredstatements="1" conditionals="0" coveredconditionals="0" methods="2" coveredmethods="2"/>
        <file name="flushPromises.ts" path="/Users/cesaralberca/workspace/personal/gravatar-viewer/src/utils/flushPromises.ts">
          <metrics statements="1" coveredstatements="1" conditionals="0" coveredconditionals="0" methods="2" coveredmethods="2"/>
          <line num="2" count="4" type="stmt"/>
        </file>
      </package>
    </metrics>
  </project>
</coverage>
