{"/Users/cesaralberca/workspace/personal/gravatar-viewer/src/components/AvatarComponent.vue": {"path":"/Users/cesaralberca/workspace/personal/gravatar-viewer/src/components/AvatarComponent.vue","statementMap":{"0":{"start":{"line":8,"column":0},"end":{"line":null,"column":-1}},"1":{"start":{"line":9,"column":0},"end":{"line":null,"column":-1}},"2":{"start":{"line":12,"column":0},"end":{"line":null,"column":-1}},"3":{"start":{"line":17,"column":0},"end":{"line":null,"column":-1}},"4":{"start":{"line":14,"column":0},"end":{"line":13,"column":0}},"5":{"start":{"line":13,"column":0},"end":{"line":null,"column":-1}}},"fnMap":{"0":{"name":"(anonymous_1)","decl":{"start":{"line":16,"column":0},"end":{"line":null,"column":-1}},"loc":{"start":{"line":16,"column":0},"end":{"line":18,"column":0}}},"1":{"name":"(anonymous_2)","decl":{"start":{"line":13,"column":0},"end":{"line":null,"column":-1}},"loc":{"start":{"line":13,"column":0},"end":{"line":null,"column":-1}}}},"branchMap":{},"s":{"0":2,"1":2,"2":4,"3":6,"4":2,"5":3},"f":{"0":6,"1":3},"b":{}}
,"/Users/cesaralberca/workspace/personal/gravatar-viewer/src/components/AvatarViewerContainer.vue": {"path":"/Users/cesaralberca/workspace/personal/gravatar-viewer/src/components/AvatarViewerContainer.vue","statementMap":{"0":{"start":{"line":8,"column":0},"end":{"line":null,"column":-1}},"1":{"start":{"line":10,"column":0},"end":{"line":null,"column":-1}},"2":{"start":{"line":11,"column":0},"end":{"line":null,"column":-1}},"3":{"start":{"line":12,"column":0},"end":{"line":null,"column":-1}},"4":{"start":{"line":22,"column":0},"end":{"line":null,"column":-1}},"5":{"start":{"line":23,"column":0},"end":{"line":null,"column":-1}},"6":{"start":{"line":24,"column":0},"end":{"line":null,"column":-1}},"7":{"start":{"line":38,"column":0},"end":{"line":null,"column":-1}},"8":{"start":{"line":43,"column":0},"end":{"line":null,"column":-1}},"9":{"start":{"line":47,"column":0},"end":{"line":null,"column":-1}},"10":{"start":{"line":51,"column":0},"end":{"line":null,"column":-1}},"11":{"start":{"line":52,"column":0},"end":{"line":null,"column":-1}},"12":{"start":{"line":53,"column":0},"end":{"line":null,"column":-1}},"13":{"start":{"line":27,"column":0},"end":{"line":null,"column":-1}},"14":{"start":{"line":30,"column":0},"end":{"line":null,"column":-1}},"15":{"start":{"line":33,"column":0},"end":{"line":null,"column":-1}},"16":{"start":{"line":42,"column":0},"end":{"line":null,"column":-1}},"17":{"start":{"line":22,"column":0},"end":{"line":16,"column":0}}},"fnMap":{"0":{"name":"(anonymous_1)","decl":{"start":{"line":16,"column":0},"end":{"line":null,"column":-1}},"loc":{"start":{"line":16,"column":0},"end":{"line":55,"column":0}}},"1":{"name":"(anonymous_2)","decl":{"start":{"line":37,"column":0},"end":{"line":null,"column":-1}},"loc":{"start":{"line":37,"column":0},"end":{"line":39,"column":0}}},"2":{"name":"(anonymous_3)","decl":{"start":{"line":42,"column":0},"end":{"line":null,"column":-1}},"loc":{"start":{"line":42,"column":0},"end":{"line":44,"column":0}}},"3":{"name":"(anonymous_4)","decl":{"start":{"line":46,"column":0},"end":{"line":null,"column":-1}},"loc":{"start":{"line":46,"column":0},"end":{"line":48,"column":0}}},"4":{"name":"(anonymous_5)","decl":{"start":{"line":50,"column":0},"end":{"line":null,"column":-1}},"loc":{"start":{"line":50,"column":0},"end":{"line":54,"column":0}}}},"branchMap":{},"s":{"0":1,"1":1,"2":1,"3":1,"4":1,"5":4,"6":4,"7":4,"8":4,"9":4,"10":4,"11":4,"12":4,"13":1,"14":1,"15":1,"16":1,"17":1},"f":{"0":4,"1":4,"2":4,"3":4,"4":4},"b":{}}
,"/Users/cesaralberca/workspace/personal/gravatar-viewer/src/components/UserFormComponent.vue": {"path":"/Users/cesaralberca/workspace/personal/gravatar-viewer/src/components/UserFormComponent.vue","statementMap":{"0":{"start":{"line":9,"column":0},"end":{"line":null,"column":-1}},"1":{"start":{"line":12,"column":0},"end":{"line":null,"column":-1}},"2":{"start":{"line":15,"column":0},"end":{"line":null,"column":-1}},"3":{"start":{"line":14,"column":0},"end":{"line":null,"column":-1}}},"fnMap":{"0":{"name":"(anonymous_1)","decl":{"start":{"line":14,"column":0},"end":{"line":null,"column":-1}},"loc":{"start":{"line":14,"column":0},"end":{"line":16,"column":0}}}},"branchMap":{},"s":{"0":2,"1":4,"2":1,"3":2},"f":{"0":1},"b":{}}
,"/Users/cesaralberca/workspace/personal/gravatar-viewer/src/domains/gravatar/repositories/GravatarBlobRepository.ts": {"path":"/Users/cesaralberca/workspace/personal/gravatar-viewer/src/domains/gravatar/repositories/GravatarBlobRepository.ts","statementMap":{"0":{"start":{"line":2,"column":0},"end":{"line":null,"column":-1}},"1":{"start":{"line":8,"column":31},"end":{"line":null,"column":-1}},"2":{"start":{"line":9,"column":4},"end":{"line":null,"column":-1}},"3":{"start":{"line":13,"column":21},"end":{"line":13,"column":4}},"4":{"start":{"line":14,"column":19},"end":{"line":14,"column":4}},"5":{"start":{"line":15,"column":19},"end":{"line":15,"column":4}},"6":{"start":{"line":16,"column":4},"end":{"line":null,"column":-1}}},"fnMap":{"0":{"name":"(anonymous_0)","decl":{"start":{"line":8,"column":2},"end":{"line":8,"column":1}},"loc":{"start":{"line":8,"column":47},"end":{"line":10,"column":3}}},"1":{"name":"(anonymous_1)","decl":{"start":{"line":12,"column":2},"end":{"line":12,"column":7}},"loc":{"start":{"line":12,"column":39},"end":{"line":17,"column":3}}}},"branchMap":{},"s":{"0":1,"1":2,"2":2,"3":2,"4":2,"5":2,"6":2},"f":{"0":2,"1":2},"b":{}}
,"/Users/cesaralberca/workspace/personal/gravatar-viewer/src/domains/users/User.ts": {"path":"/Users/cesaralberca/workspace/personal/gravatar-viewer/src/domains/users/User.ts","statementMap":{"0":{"start":{"line":2,"column":31},"end":{"line":null,"column":-1}},"1":{"start":{"line":5,"column":4},"end":{"line":null,"column":-1}},"2":{"start":{"line":9,"column":4},"end":{"line":null,"column":-1}}},"fnMap":{"0":{"name":"(anonymous_0)","decl":{"start":{"line":2,"column":2},"end":{"line":2,"column":1}},"loc":{"start":{"line":2,"column":44},"end":{"line":2,"column":48}}},"1":{"name":"(anonymous_1)","decl":{"start":{"line":4,"column":2},"end":{"line":4,"column":8}},"loc":{"start":{"line":4,"column":14},"end":{"line":6,"column":3}}},"2":{"name":"(anonymous_2)","decl":{"start":{"line":8,"column":2},"end":{"line":8,"column":7}},"loc":{"start":{"line":8,"column":8},"end":{"line":10,"column":3}}}},"branchMap":{},"s":{"0":17,"1":8,"2":6},"f":{"0":17,"1":8,"2":6},"b":{}}
,"/Users/cesaralberca/workspace/personal/gravatar-viewer/src/utils/flushPromises.ts": {"path":"/Users/cesaralberca/workspace/personal/gravatar-viewer/src/utils/flushPromises.ts","statementMap":{"0":{"start":{"line":2,"column":2},"end":{"line":null,"column":-1}},"1":{"start":{"line":2,"column":32},"end":{"line":2,"column":9}}},"fnMap":{"0":{"name":"flushPromises","decl":{"start":{"line":1,"column":16},"end":{"line":1,"column":6}},"loc":{"start":{"line":1,"column":29},"end":{"line":3,"column":1}}},"1":{"name":"(anonymous_1)","decl":{"start":{"line":2,"column":21},"end":{"line":2,"column":27}},"loc":{"start":{"line":2,"column":32},"end":{"line":2,"column":9}}}},"branchMap":{},"s":{"0":4,"1":4},"f":{"0":4,"1":4},"b":{}}
}
