TN:
SF:/Users/cesaralberca/workspace/personal/gravatar-viewer/src/components/AvatarComponent.vue
FN:16,(anonymous_1)
FN:13,(anonymous_2)
FNF:2
FNH:2
FNDA:6,(anonymous_1)
FNDA:3,(anonymous_2)
DA:8,2
DA:9,2
DA:12,4
DA:13,3
DA:14,2
DA:17,6
LF:6
LH:6
BRF:0
BRH:0
end_of_record
TN:
SF:/Users/cesaralberca/workspace/personal/gravatar-viewer/src/components/AvatarViewerContainer.vue
FN:16,(anonymous_1)
FN:37,(anonymous_2)
FN:42,(anonymous_3)
FN:46,(anonymous_4)
FN:50,(anonymous_5)
FNF:5
FNH:5
FNDA:4,(anonymous_1)
FNDA:4,(anonymous_2)
FNDA:4,(anonymous_3)
FNDA:4,(anonymous_4)
FNDA:4,(anonymous_5)
DA:8,1
DA:10,1
DA:11,1
DA:12,1
DA:22,1
DA:23,4
DA:24,4
DA:27,1
DA:30,1
DA:33,1
DA:38,4
DA:42,1
DA:43,4
DA:47,4
DA:51,4
DA:52,4
DA:53,4
LF:17
LH:17
BRF:0
BRH:0
end_of_record
TN:
SF:/Users/cesaralberca/workspace/personal/gravatar-viewer/src/components/UserFormComponent.vue
FN:14,(anonymous_1)
FNF:1
FNH:1
FNDA:1,(anonymous_1)
DA:9,2
DA:12,4
DA:14,2
DA:15,1
LF:4
LH:4
BRF:0
BRH:0
end_of_record
TN:
SF:/Users/cesaralberca/workspace/personal/gravatar-viewer/src/domains/gravatar/repositories/GravatarBlobRepository.ts
FN:8,(anonymous_0)
FN:12,(anonymous_1)
FNF:2
FNH:2
FNDA:2,(anonymous_0)
FNDA:2,(anonymous_1)
DA:2,1
DA:8,2
DA:9,2
DA:13,2
DA:14,2
DA:15,2
DA:16,2
LF:7
LH:7
BRF:0
BRH:0
end_of_record
TN:
SF:/Users/cesaralberca/workspace/personal/gravatar-viewer/src/domains/users/User.ts
FN:2,(anonymous_0)
FN:4,(anonymous_1)
FN:8,(anonymous_2)
FNF:3
FNH:3
FNDA:17,(anonymous_0)
FNDA:8,(anonymous_1)
FNDA:6,(anonymous_2)
DA:2,17
DA:5,8
DA:9,6
LF:3
LH:3
BRF:0
BRH:0
end_of_record
TN:
SF:/Users/cesaralberca/workspace/personal/gravatar-viewer/src/utils/flushPromises.ts
FN:1,flushPromises
FN:2,(anonymous_1)
FNF:2
FNH:2
FNDA:4,flushPromises
FNDA:4,(anonymous_1)
DA:2,4
LF:1
LH:1
BRF:0
BRH:0
end_of_record
